[2021-11-10T13:04:43.040563+01:00] addProduct.INFO: Saved new product:<br>name: test<br>price: 11.63<br><br> to the categories: <br>second<br>second2 [] []
[2021-11-10T13:15:20.169005+01:00] addProduct.INFO: Saved new product:<br>name: test<br>price: 11.63<br><br> to the categories: <br>second<br>second2 [] []
[2021-11-10T13:39:23.998587+01:00] addProduct.INFO: You cannot use "Symfony\Bridge\Twig\Mime\NotificationEmail" if the " CSS Inliner" and "Inky" Twig extensions are not available; try running "composer require twig/cssinliner-extra twig/inky-extra". [] []
[2021-11-10T13:41:52.604087+01:00] addProduct.INFO: Saved new product:<br>name: test<br>price: 11.63<br><br> to the categories: <br>second<br>second2 [] []
[2021-11-10T14:01:23.285046+01:00] addProduct.INFO: The "email" channel is not supported. [] []
[2021-11-10T18:45:29.494155+01:00] addProduct.INFO: Saved new product:<br>name: test<br>price: 122.15<br><br> to the categories: <br>first<br>second [] []
[2021-11-10T19:16:59.983285+01:00] addProduct.INFO: The "email" channel is not supported. [] []
[2021-11-10T19:18:04.700986+01:00] addProduct.INFO: The "email" channel is not supported. [] []
[2021-11-10T19:18:19.518834+01:00] addProduct.INFO: The "email" channel is not supported. [] []
[2021-11-10T19:22:18.955529+01:00] addProduct.INFO: The "email" channel is not supported. [] []
[2021-11-10T19:22:22.377725+01:00] addProduct.INFO: The "email" channel is not supported. [] []
[2021-11-10T19:41:50.434534+01:00] addProduct.INFO: The "email" channel is not supported. [] []
[2021-11-14T23:05:02.841424+01:00] addProduct.INFO: test [] []
[2021-11-14T23:05:24.223647+01:00] addProduct.INFO: test [] []
[2021-11-14T23:06:38.610902+01:00] addProduct.INFO: test [] []
[2021-11-14T23:07:37.735284+01:00] addProduct.INFO: test [] []
[2021-11-14T23:09:19.335095+01:00] addProduct.INFO:  [] []
[2021-11-14T23:09:19.631112+01:00] addProduct.INFO:  [] []
[2021-11-14T23:09:47.953732+01:00] addProduct.INFO:  [] []
[2021-11-14T23:10:26.204920+01:00] addProduct.INFO: test [] []
[2021-11-14T23:12:58.458628+01:00] addProduct.INFO: show product: test [] []
[2021-11-14T23:13:16.836679+01:00] addProduct.INFO: show product: test [] []
[2021-11-14T23:13:36.758819+01:00] addProduct.INFO: show product: test [] []
[2021-11-14T23:13:47.516434+01:00] addProduct.INFO: show product: test [] []
[2021-11-14T23:14:14.206961+01:00] addProduct.INFO: show product: test [] []
[2021-11-14T23:14:16.659101+01:00] addProduct.INFO: show product: 12test213 [] []
[2021-11-14T23:14:51.279081+01:00] addProduct.INFO: show product: 1test213 [] []
[2021-11-14T23:15:08.480065+01:00] addProduct.INFO: show product: 12test213 [] []
[2021-11-14T23:16:05.286314+01:00] addProduct.INFO: show product: 12test213 [] []
[2021-11-15T00:10:48.369096+01:00] addProduct.INFO: add product: string_56 [] []
[2021-11-15T00:10:48.369096+01:00] addProduct.INFO:  [] []
[2021-11-15T00:52:35.849515+01:00] addProduct.INFO: add product: string_56 [] []
[2021-11-15T00:57:35.203637+01:00] addProduct.INFO: add product: string_156 [] []
[2021-11-15T00:58:17.321046+01:00] addProduct.INFO: add product: string_156 [] []
[2021-11-15T00:58:17.321046+01:00] addProduct.INFO: add product: string_156 [] []
[2021-11-15T00:59:21.760732+01:00] addProduct.INFO: add product: string_156 [] []
[2021-11-15T00:59:41.176843+01:00] addProduct.INFO: add product: string_156 [] []
[2021-11-15T01:04:03.596852+01:00] addProduct.INFO: add product: string_156 [] []
[2021-11-15T01:12:48.244860+01:00] addProduct.INFO: add product: string_156 [] []
[2021-11-15T01:13:14.988390+01:00] addProduct.INFO: add product: string_156 [] []
[2021-11-15T01:16:09.885394+01:00] addProduct.INFO: add product: string_156 [] []
[2021-11-15T01:23:39.711122+01:00] addProduct.INFO: add product: string_136 [] []
{"message":"add product: string_146","context":{},"level":200,"level_name":"INFO","channel":"addProduct","datetime":"2021-11-15T01:26:38.958375+01:00","extra":{}}
[2021-11-15T01:28:17.403005+01:00] addProduct.INFO: add product: string_147 [] []
[2021-11-15T01:41:11.100258+01:00] addProduct.INFO: add product: string_300 [] []
[2021-11-15T01:47:34.233172+01:00] addProduct.INFO: add product: string_301 [] []
[2021-11-15T02:40:42.991559+01:00] addProduct.INFO: add product: string_302 [] []
[2021-11-15T02:41:12.022219+01:00] addProduct.INFO: add product: string_303 [] []
